c:\users\tekoppar\source\repos\injectdll\injectdll\x64\debug\injectdll.pch
c:\users\tekoppar\source\repos\injectdll\injectdll\x64\debug\vc142.pdb
c:\users\tekoppar\source\repos\injectdll\injectdll\x64\debug\vc142.idb
c:\users\tekoppar\source\repos\injectdll\injectdll\x64\debug\pch-il2cpp.obj
c:\users\tekoppar\source\repos\injectdll\injectdll\x64\debug\manager.obj
c:\users\tekoppar\source\repos\injectdll\injectdll\x64\debug\debugdrawer.obj
c:\users\tekoppar\source\repos\injectdll\injectdll\x64\debug\areamapmanager.obj
c:\users\tekoppar\source\repos\injectdll\injectdll\x64\debug\helpers.obj
c:\users\tekoppar\source\repos\injectdll\injectdll\x64\debug\findclass.obj
c:\users\tekoppar\source\repos\injectdll\injectdll\x64\debug\il2cpp-init.obj
c:\users\tekoppar\source\repos\injectdll\injectdll\x64\debug\graphdrawer.obj
c:\users\tekoppar\source\repos\injectdll\injectdll\x64\debug\base64.obj
c:\users\tekoppar\source\repos\injectdll\injectdll\x64\debug\managerdef.obj
c:\users\tekoppar\source\repos\injectdll\injectdll\x64\debug\adresses.obj
c:\users\tekoppar\source\repos\injectdll\injectdll\x64\debug\inject.obj
c:\users\tekoppar\source\repos\injectdll\injectdll\x64\debug\injectdll.tlog\cl.command.1.tlog
c:\users\tekoppar\source\repos\injectdll\injectdll\x64\debug\injectdll.tlog\cl.read.1.tlog
c:\users\tekoppar\source\repos\injectdll\injectdll\x64\debug\injectdll.tlog\cl.write.1.tlog
c:\users\tekoppar\source\repos\injectdll\injectdll\x64\debug\injectdll.tlog\link-cvtres.read.1.tlog
c:\users\tekoppar\source\repos\injectdll\injectdll\x64\debug\injectdll.tlog\link-cvtres.write.1.tlog
c:\users\tekoppar\source\repos\injectdll\injectdll\x64\debug\injectdll.tlog\link-rc.read.1.tlog
c:\users\tekoppar\source\repos\injectdll\injectdll\x64\debug\injectdll.tlog\link-rc.write.1.tlog
c:\users\tekoppar\source\repos\injectdll\injectdll\x64\debug\injectdll.tlog\link.command.1.tlog
c:\users\tekoppar\source\repos\injectdll\injectdll\x64\debug\injectdll.tlog\link.read.1.tlog
c:\users\tekoppar\source\repos\injectdll\injectdll\x64\debug\injectdll.tlog\link.write.1.tlog
