c:\users\tekoppar\source\repos\injectdll\injectdll\x64\releasedebug1.2\il2cpp-init.obj
c:\users\tekoppar\source\repos\injectdll\injectdll\x64\releasedebug1.2\inputplayback.obj
c:\users\tekoppar\source\repos\injectdll\injectdll\x64\releasedebug1.2\racemanager.obj
c:\users\tekoppar\source\repos\injectdll\injectdll\x64\releasedebug1.2\collisioncreator.obj
c:\users\tekoppar\source\repos\injectdll\injectdll\x64\releasedebug1.2\moonanimationhelper.obj
c:\users\tekoppar\source\repos\injectdll\injectdll\x64\releasedebug1.2\seinvisual.obj
c:\users\tekoppar\source\repos\injectdll\injectdll\x64\releasedebug1.2\tem.obj
c:\users\tekoppar\source\repos\injectdll\injectdll\x64\releasedebug1.2\global.obj
c:\users\tekoppar\source\repos\injectdll\injectdll\x64\releasedebug1.2\framelogger.obj
c:\users\tekoppar\source\repos\injectdll\injectdll\x64\releasedebug1.2\scenesjson.obj
c:\users\tekoppar\source\repos\injectdll\injectdll\x64\releasedebug1.2\temuser.obj
c:\users\tekoppar\source\repos\injectdll\injectdll\x64\releasedebug1.2\orivisual.obj
c:\users\tekoppar\source\repos\injectdll\injectdll\x64\releasedebug1.2\gizmoevents.obj
c:\users\tekoppar\source\repos\injectdll\injectdll\x64\releasedebug1.2\glidevisual.obj
c:\users\tekoppar\source\repos\injectdll\injectdll\x64\releasedebug1.2\frameloggersingleframe.obj
c:\users\tekoppar\source\repos\injectdll\injectdll\x64\releasedebug1.2\hammervisual.obj
c:\users\tekoppar\source\repos\injectdll\injectdll\x64\releasedebug1.2\messagehelper.obj
c:\users\tekoppar\source\repos\injectdll\injectdll\x64\releasedebug1.2\torchvisual.obj
c:\users\tekoppar\source\repos\injectdll\injectdll\x64\releasedebug1.2\temframework.obj
c:\users\tekoppar\source\repos\injectdll\injectdll\x64\releasedebug1.2\debugdrawer.obj
c:\users\tekoppar\source\repos\injectdll\injectdll\x64\releasedebug1.2\ghosthandler.obj
c:\users\tekoppar\source\repos\injectdll\injectdll\x64\releasedebug1.2\scenedata.obj
c:\users\tekoppar\source\repos\injectdll\injectdll\x64\releasedebug1.2\input.obj
c:\users\tekoppar\source\repos\injectdll\injectdll\x64\releasedebug1.2\temscenehelper.obj
c:\users\tekoppar\source\repos\injectdll\injectdll\x64\releasedebug1.2\scenehierarchy.obj
c:\users\tekoppar\source\repos\injectdll\injectdll\x64\releasedebug1.2\propertyhelper.obj
c:\users\tekoppar\source\repos\injectdll\injectdll\x64\releasedebug1.2\bowvisual.obj
c:\users\tekoppar\source\repos\injectdll\injectdll\x64\releasedebug1.2\saveshelper.obj
c:\users\tekoppar\source\repos\injectdll\injectdll\x64\releasedebug1.2\treeitem.obj
c:\users\tekoppar\source\repos\injectdll\injectdll\x64\releasedebug1.2\meshutility.obj
c:\users\tekoppar\source\repos\injectdll\injectdll\x64\releasedebug1.2\graphdrawer.obj
c:\users\tekoppar\source\repos\injectdll\injectdll\x64\releasedebug1.2\scenelist.obj
c:\users\tekoppar\source\repos\injectdll\injectdll\x64\releasedebug1.2\grenadevisual.obj
c:\users\tekoppar\source\repos\injectdll\injectdll\x64\releasedebug1.2\helpers.obj
c:\users\tekoppar\source\repos\injectdll\injectdll\x64\releasedebug1.2\areamapmanager.obj
c:\users\tekoppar\source\repos\injectdll\injectdll\x64\releasedebug1.2\temlogger.obj
c:\users\tekoppar\source\repos\injectdll\injectdll\x64\releasedebug1.2\fieldhelper.obj
c:\users\tekoppar\source\repos\injectdll\injectdll\x64\releasedebug1.2\gameworldhelper.obj
c:\users\tekoppar\source\repos\injectdll\injectdll\x64\releasedebug1.2\sceneobject.obj
c:\users\tekoppar\source\repos\injectdll\injectdll\x64\releasedebug1.2\gizmo.obj
c:\users\tekoppar\source\repos\injectdll\injectdll\x64\releasedebug1.2\createui.obj
c:\users\tekoppar\source\repos\injectdll\injectdll\x64\releasedebug1.2\seinvisualeditor.obj
c:\users\tekoppar\source\repos\injectdll\injectdll\x64\releasedebug1.2\component.obj
c:\users\tekoppar\source\repos\injectdll\injectdll\x64\releasedebug1.2\simplejson.obj
c:\users\tekoppar\source\repos\injectdll\injectdll\x64\releasedebug1.2\uberstatemanager.obj
c:\users\tekoppar\source\repos\injectdll\injectdll\x64\releasedebug1.2\frameworkjson.obj
c:\users\tekoppar\source\repos\injectdll\injectdll\x64\releasedebug1.2\objectcreator.obj
c:\users\tekoppar\source\repos\injectdll\injectdll\x64\releasedebug1.2\racetime.obj
c:\users\tekoppar\source\repos\injectdll\injectdll\x64\releasedebug1.2\uievents.obj
c:\users\tekoppar\source\repos\injectdll\injectdll\x64\releasedebug1.2\collision.obj
c:\users\tekoppar\source\repos\injectdll\injectdll\x64\releasedebug1.2\temsocket.obj
c:\users\tekoppar\source\repos\injectdll\injectdll\x64\releasedebug1.2\swordvisual.obj
c:\users\tekoppar\source\repos\injectdll\injectdll\x64\releasedebug1.2\seincharacterhelper.obj
c:\users\tekoppar\source\repos\injectdll\injectdll\x64\releasedebug1.2\temrecorder.obj
c:\users\tekoppar\source\repos\injectdll\injectdll\x64\releasedebug1.2\manager.obj
c:\users\tekoppar\source\repos\injectdll\injectdll\x64\releasedebug1.2\managerdef.obj
c:\users\tekoppar\source\repos\injectdll\injectdll\x64\releasedebug1.2\vc142.pdb
c:\users\tekoppar\source\repos\injectdll\injectdll\x64\releasedebug1.2\inject.obj
c:\users\tekoppar\source\repos\injectdll\injectdll\x64\releasedebug1.2\injectdll_patch2.pch
c:\users\tekoppar\source\repos\injectdll\injectdll\x64\releasedebug1.2\pch-il2cpp.obj
c:\users\tekoppar\source\repos\injectdll\injectdll\x64\releasedebug1.2\base64.obj
c:\users\tekoppar\source\repos\injectdll\injectdll\x64\releasedebug1.2\vector2.obj
c:\users\tekoppar\source\repos\injectdll\injectdll\x64\releasedebug1.2\vector4.obj
c:\users\tekoppar\source\repos\injectdll\injectdll\x64\releasedebug1.2\adresses.obj
c:\users\tekoppar\source\repos\injectdll\injectdll\x64\releasedebug1.2\vector3.obj
c:\users\tekoppar\source\repos\injectdll\injectdll\x64\releasedebug1.2\md5.obj
c:\users\tekoppar\desktop\extendedmanager\bin\injectdll_patch2.dll
c:\users\tekoppar\desktop\extendedmanager\bin\injectdll_patch2.map
c:\users\tekoppar\desktop\extendedmanager\bin\injectdll_patch2.pdb
c:\users\tekoppar\source\repos\injectdll\injectdll\x64\releasedebug1.2\injectdll.pch
c:\users\tekoppar\source\repos\injectdll\injectdll\x64\releasedebug1.2\injectdll.tlog\cl.command.1.tlog
c:\users\tekoppar\source\repos\injectdll\injectdll\x64\releasedebug1.2\injectdll.tlog\cl.read.1.tlog
c:\users\tekoppar\source\repos\injectdll\injectdll\x64\releasedebug1.2\injectdll.tlog\cl.write.1.tlog
c:\users\tekoppar\source\repos\injectdll\injectdll\x64\releasedebug1.2\injectdll.tlog\link.command.1.tlog
c:\users\tekoppar\source\repos\injectdll\injectdll\x64\releasedebug1.2\injectdll.tlog\link.read.1.tlog
c:\users\tekoppar\source\repos\injectdll\injectdll\x64\releasedebug1.2\injectdll.tlog\link.write.1.tlog
