c:\users\tekoppar\source\repos\injectdll\injectdll\x64\debugrelease\injectdll.pch
c:\users\tekoppar\source\repos\injectdll\injectdll\x64\debugrelease\vc142.pdb
c:\users\tekoppar\source\repos\injectdll\injectdll\x64\debugrelease\vc142.idb
c:\users\tekoppar\source\repos\injectdll\injectdll\x64\debugrelease\pch-il2cpp.obj
c:\users\tekoppar\source\repos\injectdll\injectdll\x64\debugrelease\base64.obj
c:\users\tekoppar\source\repos\injectdll\injectdll\x64\debugrelease\areamapmanager.obj
c:\users\tekoppar\source\repos\injectdll\injectdll\x64\debugrelease\temrecorder.obj
c:\users\tekoppar\source\repos\injectdll\injectdll\x64\debugrelease\helpers.obj
c:\users\tekoppar\source\repos\injectdll\injectdll\x64\debugrelease\seincharacterhelper.obj
c:\users\tekoppar\source\repos\injectdll\injectdll\x64\debugrelease\md5.obj
c:\users\tekoppar\source\repos\injectdll\injectdll\x64\debugrelease\gameworldhelper.obj
c:\users\tekoppar\source\repos\injectdll\injectdll\x64\debugrelease\managerdef.obj
c:\users\tekoppar\source\repos\injectdll\injectdll\x64\debugrelease\framelogger.obj
c:\users\tekoppar\source\repos\injectdll\injectdll\x64\debugrelease\temsocket.obj
c:\users\tekoppar\source\repos\injectdll\injectdll\x64\debugrelease\adresses.obj
c:\users\tekoppar\source\repos\injectdll\injectdll\x64\debugrelease\temscenehelper.obj
c:\users\tekoppar\source\repos\injectdll\injectdll\x64\debugrelease\createui.obj
c:\users\tekoppar\source\repos\injectdll\injectdll\x64\debugrelease\racemanager.obj
c:\users\tekoppar\source\repos\injectdll\injectdll\x64\debugrelease\simplejson.obj
c:\users\tekoppar\source\repos\injectdll\injectdll\x64\debugrelease\global.obj
c:\users\tekoppar\source\repos\injectdll\injectdll\x64\debugrelease\moonanimationhelper.obj
c:\users\tekoppar\source\repos\injectdll\injectdll\x64\debugrelease\temuser.obj
c:\users\tekoppar\source\repos\injectdll\injectdll\x64\debugrelease\ghosthandler.obj
c:\users\tekoppar\source\repos\injectdll\injectdll\x64\debugrelease\il2cpp-init.obj
c:\users\tekoppar\source\repos\injectdll\injectdll\x64\debugrelease\messagehelper.obj
c:\users\tekoppar\source\repos\injectdll\injectdll\x64\debugrelease\racetime.obj
c:\users\tekoppar\source\repos\injectdll\injectdll\x64\debugrelease\manager.obj
c:\users\tekoppar\source\repos\injectdll\injectdll\x64\debugrelease\debugdrawer.obj
c:\users\tekoppar\source\repos\injectdll\injectdll\x64\debugrelease\uberstatemanager.obj
c:\users\tekoppar\source\repos\injectdll\injectdll\x64\debugrelease\graphdrawer.obj
c:\users\tekoppar\source\repos\injectdll\injectdll\x64\debugrelease\frameloggersingleframe.obj
c:\users\tekoppar\source\repos\injectdll\injectdll\x64\debugrelease\saveshelper.obj
c:\users\tekoppar\source\repos\injectdll\injectdll\x64\debugrelease\inject.obj
c:\users\tekoppar\desktop\livesplit.oriwotw-master\bin\injectdll.dll
c:\users\tekoppar\desktop\livesplit.oriwotw-master\bin\injectdll.pdb
c:\users\tekoppar\source\repos\injectdll\injectdll\x64\debugrelease\injectdll.tlog\cl.command.1.tlog
c:\users\tekoppar\source\repos\injectdll\injectdll\x64\debugrelease\injectdll.tlog\cl.read.1.tlog
c:\users\tekoppar\source\repos\injectdll\injectdll\x64\debugrelease\injectdll.tlog\cl.write.1.tlog
c:\users\tekoppar\source\repos\injectdll\injectdll\x64\debugrelease\injectdll.tlog\link.command.1.tlog
c:\users\tekoppar\source\repos\injectdll\injectdll\x64\debugrelease\injectdll.tlog\link.read.1.tlog
c:\users\tekoppar\source\repos\injectdll\injectdll\x64\debugrelease\injectdll.tlog\link.write.1.tlog
